1 55 2 27
2 19 1 75
3 21 1 55
4 73 1 30
5 65 1 19
6 3 2 82
7 10 1 75
8 16 3 52
9 7 5 5
10 40 3 90
11 6 1 3
12 1 1 19
13 83 1 95
14 33 3 10
15 3 2 82
16 41 3 48
17 19 1 3
18 3 3 54
19 7 3 20
20 13 1 30
21 45 1 30
22 5 2 9
23 78 3 64
24 27 2 82
25 65 1 92
26 26 1 3
27 27 1 92
28 22 1 30
29 90 1 14
30 16 1 14
31 66 1 37
32 60 3 20
33 15 1 55
34 18 2 27
35 29 3 2
36 6 3 21
37 5 1 55
38 25 2 9
39 77 1 19
40 22 3 64
41 4 2 9
42 59 3 10
43 11 1 92
44 57 1 92
45 4 2 9
46 25 2 9
47 54 1 63
48 22 1 14
49 14 2 27
50 5 2 9